source {/home/dany/Study/Soar/ex2/WaterJug.soar}
**
*
****
*
*
**********
**
Warning: On the LHS of production water-jug*propose*pour, identifier <jug_2> is not connected to any goal or impasse.
*
*****
**
Total: 29 productions sourced.
run
     1: O: O1 (init-water-jugs)
 3:3 5:5
     2: O: O3 (empty)
 EMPTY(3)
 3:0 5:5
     3: O: O5 (pour)
 POUR(5:5,3:0) POUR(5:2,3:3)
 3:3 5:2
     4: O: O8 (empty)
 EMPTY(5)
 3:3 5:0
     5: O: O12 (pour)
 POUR(3:3,5:0) POUR(3:0,5:3)
 3:0 5:3
     6: O: O14 (fill)
 FILL(5)
 3:0 5:5
     7: O: O17 (pour)
 POUR(5:5,3:0) POUR(5:2,3:3)
 3:3 5:2
     8: O: O21 (empty)
 EMPTY(5)
 3:3 5:0
     9: O: O25 (pour)
 POUR(3:3,5:0) POUR(3:0,5:3)
 3:0 5:3
    10: O: O27 (fill)
 FILL(5)
 3:0 5:5
    11: O: O30 (pour)
 POUR(5:5,3:0) POUR(5:2,3:3)
 3:3 5:2
    12: O: O32 (empty)
 EMPTY(3)
 3:0 5:2
    13: O: O38 (pour)
 POUR(5:2,3:0) POUR(5:0,3:2)
 3:2 5:0
    14: O: O42 (fill)
 FILL(5)
 3:2 5:5
    15: O: O44 (pour)
 POUR(5:5,3:2) POUR(5:4,3:3)
 3:3 5:4
The problem has been solved.
Interrupt received.
This Agent halted.

An agent halted during the run.
init-soar
     0: ==>S: S1
Agent reinitialized.
run
     1: O: O1 (init-water-jugs)
 3:3 5:5
     2: O: O3 (empty)
 EMPTY(3)
 3:0 5:5
     3: O: O5 (pour)
 POUR(5:5,3:0) POUR(5:2,3:3)
 3:3 5:2
     4: O: O8 (empty)
 EMPTY(5)
 3:3 5:0
     5: O: O12 (pour)
 POUR(3:3,5:0) POUR(3:0,5:3)
 3:0 5:3
     6: O: O14 (fill)
 FILL(5)
 3:0 5:5
     7: O: O17 (pour)
 POUR(5:5,3:0) POUR(5:2,3:3)
 3:3 5:2
     8: O: O19 (empty)
 EMPTY(3)
 3:0 5:2
     9: O: O25 (pour)
 POUR(5:2,3:0) POUR(5:0,3:2)
 3:2 5:0
    10: O: O28 (fill)
 FILL(3)
 3:3 5:0
    11: O: O31 (pour)
 POUR(3:3,5:0) POUR(3:0,5:3)
 3:0 5:3
    12: O: O34 (fill)
 FILL(5)
 3:0 5:5
    13: O: O37 (pour)
 POUR(5:5,3:0) POUR(5:2,3:3)
 3:3 5:2
    14: O: O39 (empty)
 EMPTY(3)
 3:0 5:2
    15: O: O45 (pour)
 POUR(5:2,3:0) POUR(5:0,3:2)
 3:2 5:0
    16: O: O48 (fill)
 FILL(3)
 3:3 5:0
    17: O: O51 (pour)
 POUR(3:3,5:0) POUR(3:0,5:3)
 3:0 5:3
    18: O: O55 (fill)
 FILL(3)
 3:3 5:3
    19: O: O57 (pour)
 POUR(3:3,5:3) POUR(3:1,5:5)
 3:1 5:5
    20: O: O61 (empty)
 EMPTY(3)
 3:0 5:5
    21: O: O65 (pour)
 POUR(5:5,3:0) POUR(5:2,3:3)
 3:3 5:2
    22: O: O66 (empty)
 EMPTY(3)
 3:0 5:2
    23: O: O72 (pour)
 POUR(5:2,3:0) POUR(5:0,3:2)
 3:2 5:0
    24: O: O76 (fill)
 FILL(5)
 3:2 5:5
    25: O: O78 (pour)
 POUR(5:5,3:2) POUR(5:4,3:3)
 3:3 5:4
The problem has been solved.
Interrupt received.
This Agent halted.

An agent halted during the run.
init-soar
     0: ==>S: S1
Agent reinitialized.
run
     1: O: O1 (init-water-jugs)
 3:3 5:5
     2: O: O3 (empty)
 EMPTY(3)
 3:0 5:5
     3: O: O5 (pour)
 POUR(5:5,3:0) POUR(5:2,3:3)
 3:3 5:2
     4: O: O8 (empty)
 EMPTY(5)
 3:3 5:0
     5: O: O12 (pour)
 POUR(3:3,5:0) POUR(3:0,5:3)
 3:0 5:3
     6: O: O15 (fill)
 FILL(3)
 3:3 5:3
     7: O: O17 (pour)
 POUR(3:3,5:3) POUR(3:1,5:5)
 3:1 5:5
     8: O: O21 (empty)
 EMPTY(3)
 3:0 5:5
     9: O: O25 (pour)
 POUR(5:5,3:0) POUR(5:2,3:3)
 3:3 5:2
    10: O: O28 (empty)
 EMPTY(5)
 3:3 5:0
    11: O: O32 (pour)
 POUR(3:3,5:0) POUR(3:0,5:3)
 3:0 5:3
    12: O: O35 (fill)
 FILL(3)
 3:3 5:3
    13: O: O37 (pour)
 POUR(3:3,5:3) POUR(3:1,5:5)
 3:1 5:5
    14: O: O39 (empty)
 EMPTY(5)
 3:1 5:0
    15: O: O45 (pour)
 POUR(3:1,5:0) POUR(3:0,5:1)
 3:0 5:1
    16: O: O48 (fill)
 FILL(5)
 3:0 5:5
    17: O: O51 (pour)
 POUR(5:5,3:0) POUR(5:2,3:3)
 3:3 5:2
    18: O: O55 (empty)
 EMPTY(5)
 3:3 5:0
    19: O: O59 (pour)
 POUR(3:3,5:0) POUR(3:0,5:3)
 3:0 5:3
    20: O: O62 (fill)
 FILL(3)
 3:3 5:3
    21: O: O64 (pour)
 POUR(3:3,5:3) POUR(3:1,5:5)
 3:1 5:5
    22: O: O68 (empty)
 EMPTY(3)
 3:0 5:5
    23: O: O72 (pour)
 POUR(5:5,3:0) POUR(5:2,3:3)
 3:3 5:2
    24: O: O75 (empty)
 EMPTY(5)
 3:3 5:0
    25: O: O79 (pour)
 POUR(3:3,5:0) POUR(3:0,5:3)
 3:0 5:3
    26: O: O82 (fill)
 FILL(3)
 3:3 5:3
    27: O: O84 (pour)
 POUR(3:3,5:3) POUR(3:1,5:5)
 3:1 5:5
    28: O: O88 (empty)
 EMPTY(3)
 3:0 5:5
    29: O: O92 (pour)
 POUR(5:5,3:0) POUR(5:2,3:3)
 3:3 5:2
    30: O: O95 (empty)
 EMPTY(5)
 3:3 5:0
    31: O: O99 (pour)
 POUR(3:3,5:0) POUR(3:0,5:3)
 3:0 5:3
    32: O: O102 (fill)
 FILL(3)
 3:3 5:3
    33: O: O104 (pour)
 POUR(3:3,5:3) POUR(3:1,5:5)
 3:1 5:5
    34: O: O106 (empty)
 EMPTY(5)
 3:1 5:0
    35: O: O112 (pour)
 POUR(3:1,5:0) POUR(3:0,5:1)
 3:0 5:1
    36: O: O116 (fill)
 FILL(3)
 3:3 5:1
    37: O: O118 (pour)
 POUR(3:3,5:1)
The problem has been solved. POUR(3:0,5:4)
 3:0 5:4
Interrupt received.
This Agent halted.

An agent halted during the run.
init-soar
     0: ==>S: S1
Agent reinitialized.
run
     1: O: O1 (init-water-jugs)
 3:3 5:5
     2: O: O3 (empty)
 EMPTY(3)
 3:0 5:5
     3: O: O5 (pour)
 POUR(5:5,3:0) POUR(5:2,3:3)
 3:3 5:2
     4: O: O6 (empty)
 EMPTY(3)
 3:0 5:2
     5: O: O12 (pour)
 POUR(5:2,3:0) POUR(5:0,3:2)
 3:2 5:0
     6: O: O15 (fill)
 FILL(3)
 3:3 5:0
     7: O: O18 (pour)
 POUR(3:3,5:0) POUR(3:0,5:3)
 3:0 5:3
     8: O: O22 (fill)
 FILL(3)
 3:3 5:3
     9: O: O24 (pour)
 POUR(3:3,5:3) POUR(3:1,5:5)
 3:1 5:5
    10: O: O26 (empty)
 EMPTY(5)
 3:1 5:0
    11: O: O32 (pour)
 POUR(3:1,5:0) POUR(3:0,5:1)
 3:0 5:1
    12: O: O36 (fill)
 FILL(3)
 3:3 5:1
    13: O: O38 (pour)
 POUR(3:3,5:1)
The problem has been solved. POUR(3:0,5:4)
 3:0 5:4
Interrupt received.
This Agent halted.

An agent halted during the run.
init-soar
     0: ==>S: S1
Agent reinitialized.
run
     1: O: O1 (init-water-jugs)
 3:3 5:5
     2: O: O3 (empty)
 EMPTY(3)
 3:0 5:5
     3: O: O5 (pour)
 POUR(5:5,3:0) POUR(5:2,3:3)
 3:3 5:2
     4: O: O6 (empty)
 EMPTY(3)
 3:0 5:2
     5: O: O12 (pour)
 POUR(5:2,3:0) POUR(5:0,3:2)
 3:2 5:0
     6: O: O16 (fill)
 FILL(5)
 3:2 5:5
     7: O: O18 (pour)
 POUR(5:5,3:2) POUR(5:4,3:3)
 3:3 5:4
The problem has been solved.
Interrupt received.
This Agent halted.

An agent halted during the run.
init-soar
     0: ==>S: S1
Agent reinitialized.
run
     1: O: O1 (init-water-jugs)
 3:3 5:5
     2: O: O2 (empty)
 EMPTY(5)
 3:3 5:0
     3: O: O5 (pour)
 POUR(3:3,5:0) POUR(3:0,5:3)
 3:0 5:3
     4: O: O8 (fill)
 FILL(3)
 3:3 5:3
     5: O: O10 (pour)
 POUR(3:3,5:3) POUR(3:1,5:5)
 3:1 5:5
     6: O: O14 (empty)
 EMPTY(3)
 3:0 5:5
     7: O: O18 (pour)
 POUR(5:5,3:0) POUR(5:2,3:3)
 3:3 5:2
     8: O: O21 (empty)
 EMPTY(5)
 3:3 5:0
     9: O: O25 (pour)
 POUR(3:3,5:0) POUR(3:0,5:3)
 3:0 5:3
    10: O: O27 (fill)
 FILL(5)
 3:0 5:5
    11: O: O30 (pour)
 POUR(5:5,3:0) POUR(5:2,3:3)
 3:3 5:2
    12: O: O32 (empty)
 EMPTY(3)
 3:0 5:2
    13: O: O38 (pour)
 POUR(5:2,3:0) POUR(5:0,3:2)
 3:2 5:0
    14: O: O41 (fill)
 FILL(3)
 3:3 5:0
    15: O: O44 (pour)
 POUR(3:3,5:0) POUR(3:0,5:3)
 3:0 5:3
    16: O: O48 (fill)
 FILL(3)
 3:3 5:3
    17: O: O50 (pour)
 POUR(3:3,5:3) POUR(3:1,5:5)
 3:1 5:5
    18: O: O54 (empty)
 EMPTY(3)
 3:0 5:5
    19: O: O58 (pour)
 POUR(5:5,3:0) POUR(5:2,3:3)
 3:3 5:2
    20: O: O61 (empty)
 EMPTY(5)
 3:3 5:0
    21: O: O65 (pour)
 POUR(3:3,5:0) POUR(3:0,5:3)
 3:0 5:3
    22: O: O68 (fill)
 FILL(3)
 3:3 5:3
    23: O: O70 (pour)
 POUR(3:3,5:3) POUR(3:1,5:5)
 3:1 5:5
    24: O: O72 (empty)
 EMPTY(5)
 3:1 5:0
    25: O: O78 (pour)
 POUR(3:1,5:0) POUR(3:0,5:1)
 3:0 5:1
    26: O: O82 (fill)
 FILL(3)
 3:3 5:1
    27: O: O84 (pour)
 POUR(3:3,5:1)
The problem has been solved. POUR(3:0,5:4)
 3:0 5:4
Interrupt received.
This Agent halted.

An agent halted during the run.
init-soar
     0: ==>S: S1
Agent reinitialized.
run
     1: O: O1 (init-water-jugs)
 3:3 5:5
     2: O: O3 (empty)
 EMPTY(3)
 3:0 5:5
     3: O: O5 (pour)
 POUR(5:5,3:0) POUR(5:2,3:3)
 3:3 5:2
     4: O: O8 (empty)
 EMPTY(5)
 3:3 5:0
     5: O: O12 (pour)
 POUR(3:3,5:0) POUR(3:0,5:3)
 3:0 5:3
     6: O: O14 (fill)
 FILL(5)
 3:0 5:5
     7: O: O17 (pour)
 POUR(5:5,3:0) POUR(5:2,3:3)
 3:3 5:2
     8: O: O19 (empty)
 EMPTY(3)
 3:0 5:2
     9: O: O25 (pour)
 POUR(5:2,3:0) POUR(5:0,3:2)
 3:2 5:0
    10: O: O29 (fill)
 FILL(5)
 3:2 5:5
    11: O: O31 (pour)
 POUR(5:5,3:2) POUR(5:4,3:3)
 3:3 5:4
The problem has been solved.
Interrupt received.
This Agent halted.

An agent halted during the run.
init-soar
     0: ==>S: S1
Agent reinitialized.
run
     1: O: O1 (init-water-jugs)
 3:3 5:5
     2: O: O3 (empty)
 EMPTY(3)
 3:0 5:5
     3: O: O5 (pour)
 POUR(5:5,3:0) POUR(5:2,3:3)
 3:3 5:2
     4: O: O8 (empty)
 EMPTY(5)
 3:3 5:0
     5: O: O12 (pour)
 POUR(3:3,5:0) POUR(3:0,5:3)
 3:0 5:3
     6: O: O15 (fill)
 FILL(3)
 3:3 5:3
     7: O: O17 (pour)
 POUR(3:3,5:3) POUR(3:1,5:5)
 3:1 5:5
     8: O: O19 (empty)
 EMPTY(5)
 3:1 5:0
     9: O: O25 (pour)
 POUR(3:1,5:0) POUR(3:0,5:1)
 3:0 5:1
    10: O: O29 (fill)
 FILL(3)
 3:3 5:1
    11: O: O31 (pour)
 POUR(3:3,5:1)
The problem has been solved. POUR(3:0,5:4)
 3:0 5:4
Interrupt received.
This Agent halted.

An agent halted during the run.
init-soar
     0: ==>S: S1
Agent reinitialized.
run
     1: O: O1 (init-water-jugs)
 3:3 5:5
     2: O: O2 (empty)
 EMPTY(5)
 3:3 5:0
     3: O: O5 (pour)
 POUR(3:3,5:0) POUR(3:0,5:3)
 3:0 5:3
     4: O: O7 (fill)
 FILL(5)
 3:0 5:5
     5: O: O10 (pour)
 POUR(5:5,3:0) POUR(5:2,3:3)
 3:3 5:2
     6: O: O14 (empty)
 EMPTY(5)
 3:3 5:0
     7: O: O18 (pour)
 POUR(3:3,5:0) POUR(3:0,5:3)
 3:0 5:3
     8: O: O20 (fill)
 FILL(5)
 3:0 5:5
     9: O: O23 (pour)
 POUR(5:5,3:0) POUR(5:2,3:3)
 3:3 5:2
    10: O: O25 (empty)
 EMPTY(3)
 3:0 5:2
    11: O: O31 (pour)
 POUR(5:2,3:0) POUR(5:0,3:2)
 3:2 5:0
    12: O: O34 (fill)
 FILL(3)
 3:3 5:0
    13: O: O37 (pour)
 POUR(3:3,5:0) POUR(3:0,5:3)
 3:0 5:3
    14: O: O41 (fill)
 FILL(3)
 3:3 5:3
    15: O: O43 (pour)
 POUR(3:3,5:3) POUR(3:1,5:5)
 3:1 5:5
    16: O: O47 (empty)
 EMPTY(3)
 3:0 5:5
    17: O: O51 (pour)
 POUR(5:5,3:0) POUR(5:2,3:3)
 3:3 5:2
    18: O: O52 (empty)
 EMPTY(3)
 3:0 5:2
    19: O: O58 (pour)
 POUR(5:2,3:0) POUR(5:0,3:2)
 3:2 5:0
    20: O: O62 (fill)
 FILL(5)
 3:2 5:5
    21: O: O64 (pour)
 POUR(5:5,3:2) POUR(5:4,3:3)
 3:3 5:4
The problem has been solved.
Interrupt received.
This Agent halted.

An agent halted during the run.
init-soar
     0: ==>S: S1
Agent reinitialized.
run
     1: O: O1 (init-water-jugs)
 3:3 5:5
     2: O: O2 (empty)
 EMPTY(5)
 3:3 5:0
     3: O: O5 (pour)
 POUR(3:3,5:0) POUR(3:0,5:3)
 3:0 5:3
     4: O: O7 (fill)
 FILL(5)
 3:0 5:5
     5: O: O10 (pour)
 POUR(5:5,3:0) POUR(5:2,3:3)
 3:3 5:2
     6: O: O12 (empty)
 EMPTY(3)
 3:0 5:2
     7: O: O18 (pour)
 POUR(5:2,3:0) POUR(5:0,3:2)
 3:2 5:0
     8: O: O22 (fill)
 FILL(5)
 3:2 5:5
     9: O: O24 (pour)
 POUR(5:5,3:2) POUR(5:4,3:3)
 3:3 5:4
The problem has been solved.
Interrupt received.
This Agent halted.

An agent halted during the run.

