source {/home/dany/Study/Soar/ex2/WaterJug.soar}
**
*
****
*
*
**********
**
Warning: On the LHS of production water-jug*propose*pour, identifier <jug_2> is not connected to any goal or impasse.
*
*******
**
Total: 31 productions sourced.
run
     1: O: O1 (init-water-jugs)
 3:3 5:5
     2: O: O2 (empty)
 EMPTY(5)
 3:3 5:0
     3: O: O5 (pour)
 POUR(3:3,5:0) POUR(3:0,5:3)
 3:0 5:3
     4: O: O8 (fill)
 FILL(3)
 3:3 5:3
     5: O: O10 (pour)
 POUR(3:3,5:3) POUR(3:1,5:5)
 3:1 5:5
     6: O: O12 (empty)
 EMPTY(5)
 3:1 5:0
     7: O: O18 (pour)
 POUR(3:1,5:0) POUR(3:0,5:1)
 3:0 5:1
     8: O: O22 (fill)
 FILL(3)
 3:3 5:1
     9: O: O24 (pour)
 POUR(3:3,5:1)
The problem has been solved. POUR(3:0,5:4)
 3:0 5:4
Interrupt received.
This Agent halted.

An agent halted during the run.
init-soar
     0: ==>S: S1
Agent reinitialized.
run
     1: O: O1 (init-water-jugs)
 3:3 5:5
     2: O: O2 (empty)
 EMPTY(5)
 3:3 5:0
     3: O: O5 (pour)
 POUR(3:3,5:0) POUR(3:0,5:3)
 3:0 5:3
     4: O: O8 (fill)
 FILL(3)
 3:3 5:3
     5: O: O10 (pour)
 POUR(3:3,5:3) POUR(3:1,5:5)
 3:1 5:5
     6: O: O12 (empty)
 EMPTY(5)
 3:1 5:0
     7: O: O18 (pour)
 POUR(3:1,5:0) POUR(3:0,5:1)
 3:0 5:1
     8: O: O22 (fill)
 FILL(3)
 3:3 5:1
     9: O: O24 (pour)
 POUR(3:3,5:1)
The problem has been solved. POUR(3:0,5:4)
 3:0 5:4
Interrupt received.
This Agent halted.

An agent halted during the run.
init-soar
     0: ==>S: S1
Agent reinitialized.
run
     1: O: O1 (init-water-jugs)
 3:3 5:5
     2: O: O2 (empty)
 EMPTY(5)
 3:3 5:0
     3: O: O5 (pour)
 POUR(3:3,5:0) POUR(3:0,5:3)
 3:0 5:3
     4: O: O8 (fill)
 FILL(3)
 3:3 5:3
     5: O: O10 (pour)
 POUR(3:3,5:3) POUR(3:1,5:5)
 3:1 5:5
     6: O: O12 (empty)
 EMPTY(5)
 3:1 5:0
     7: O: O18 (pour)
 POUR(3:1,5:0) POUR(3:0,5:1)
 3:0 5:1
     8: O: O22 (fill)
 FILL(3)
 3:3 5:1
     9: O: O24 (pour)
 POUR(3:3,5:1)
The problem has been solved. POUR(3:0,5:4)
 3:0 5:4
Interrupt received.
This Agent halted.

An agent halted during the run.
init-soar
     0: ==>S: S1
Agent reinitialized.
run
     1: O: O1 (init-water-jugs)
 3:3 5:5
     2: O: O2 (empty)
 EMPTY(5)
 3:3 5:0
     3: O: O5 (pour)
 POUR(3:3,5:0) POUR(3:0,5:3)
 3:0 5:3
     4: O: O8 (fill)
 FILL(3)
 3:3 5:3
     5: O: O10 (pour)
 POUR(3:3,5:3) POUR(3:1,5:5)
 3:1 5:5
     6: O: O12 (empty)
 EMPTY(5)
 3:1 5:0
     7: O: O18 (pour)
 POUR(3:1,5:0) POUR(3:0,5:1)
 3:0 5:1
     8: O: O22 (fill)
 FILL(3)
 3:3 5:1
     9: O: O24 (pour)
 POUR(3:3,5:1)
The problem has been solved. POUR(3:0,5:4)
 3:0 5:4
Interrupt received.
This Agent halted.

An agent halted during the run.
init-soar
     0: ==>S: S1
Agent reinitialized.
run
     1: O: O1 (init-water-jugs)
 3:3 5:5
     2: O: O3 (empty)
 EMPTY(3)
 3:0 5:5
     3: O: O5 (pour)
 POUR(5:5,3:0) POUR(5:2,3:3)
 3:3 5:2
     4: O: O6 (empty)
 EMPTY(3)
 3:0 5:2
     5: O: O12 (pour)
 POUR(5:2,3:0) POUR(5:0,3:2)
 3:2 5:0
     6: O: O16 (fill)
 FILL(5)
 3:2 5:5
     7: O: O18 (pour)
 POUR(5:5,3:2) POUR(5:4,3:3)
 3:3 5:4
The problem has been solved.
Interrupt received.
This Agent halted.

An agent halted during the run.
init-soar
     0: ==>S: S1
Agent reinitialized.
run
     1: O: O1 (init-water-jugs)
 3:3 5:5
     2: O: O3 (empty)
 EMPTY(3)
 3:0 5:5
     3: O: O5 (pour)
 POUR(5:5,3:0) POUR(5:2,3:3)
 3:3 5:2
     4: O: O6 (empty)
 EMPTY(3)
 3:0 5:2
     5: O: O12 (pour)
 POUR(5:2,3:0) POUR(5:0,3:2)
 3:2 5:0
     6: O: O16 (fill)
 FILL(5)
 3:2 5:5
     7: O: O18 (pour)
 POUR(5:5,3:2) POUR(5:4,3:3)
 3:3 5:4
The problem has been solved.
Interrupt received.
This Agent halted.

An agent halted during the run.
init-soar
     0: ==>S: S1
Agent reinitialized.
run
     1: O: O1 (init-water-jugs)
 3:3 5:5
     2: O: O2 (empty)
 EMPTY(5)
 3:3 5:0
     3: O: O5 (pour)
 POUR(3:3,5:0) POUR(3:0,5:3)
 3:0 5:3
     4: O: O8 (fill)
 FILL(3)
 3:3 5:3
     5: O: O10 (pour)
 POUR(3:3,5:3) POUR(3:1,5:5)
 3:1 5:5
     6: O: O12 (empty)
 EMPTY(5)
 3:1 5:0
     7: O: O18 (pour)
 POUR(3:1,5:0) POUR(3:0,5:1)
 3:0 5:1
     8: O: O22 (fill)
 FILL(3)
 3:3 5:1
     9: O: O24 (pour)
 POUR(3:3,5:1)
The problem has been solved. POUR(3:0,5:4)
 3:0 5:4
Interrupt received.
This Agent halted.

An agent halted during the run.
init-soar
     0: ==>S: S1
Agent reinitialized.
run
     1: O: O1 (init-water-jugs)
 3:3 5:5
     2: O: O3 (empty)
 EMPTY(3)
 3:0 5:5
     3: O: O5 (pour)
 POUR(5:5,3:0) POUR(5:2,3:3)
 3:3 5:2
     4: O: O6 (empty)
 EMPTY(3)
 3:0 5:2
     5: O: O12 (pour)
 POUR(5:2,3:0) POUR(5:0,3:2)
 3:2 5:0
     6: O: O16 (fill)
 FILL(5)
 3:2 5:5
     7: O: O18 (pour)
 POUR(5:5,3:2) POUR(5:4,3:3)
 3:3 5:4
The problem has been solved.
Interrupt received.
This Agent halted.

An agent halted during the run.
init-soar
     0: ==>S: S1
Agent reinitialized.
run
     1: O: O1 (init-water-jugs)
 3:3 5:5
     2: O: O2 (empty)
 EMPTY(5)
 3:3 5:0
     3: O: O5 (pour)
 POUR(3:3,5:0) POUR(3:0,5:3)
 3:0 5:3
     4: O: O8 (fill)
 FILL(3)
 3:3 5:3
     5: O: O10 (pour)
 POUR(3:3,5:3) POUR(3:1,5:5)
 3:1 5:5
     6: O: O12 (empty)
 EMPTY(5)
 3:1 5:0
     7: O: O18 (pour)
 POUR(3:1,5:0) POUR(3:0,5:1)
 3:0 5:1
     8: O: O22 (fill)
 FILL(3)
 3:3 5:1
     9: O: O24 (pour)
 POUR(3:3,5:1)
The problem has been solved. POUR(3:0,5:4)
 3:0 5:4
Interrupt received.
This Agent halted.

An agent halted during the run.
init-soar
     0: ==>S: S1
Agent reinitialized.
run
     1: O: O1 (init-water-jugs)
 3:3 5:5
     2: O: O3 (empty)
 EMPTY(3)
 3:0 5:5
     3: O: O5 (pour)
 POUR(5:5,3:0) POUR(5:2,3:3)
 3:3 5:2
     4: O: O6 (empty)
 EMPTY(3)
 3:0 5:2
     5: O: O12 (pour)
 POUR(5:2,3:0) POUR(5:0,3:2)
 3:2 5:0
     6: O: O16 (fill)
 FILL(5)
 3:2 5:5
     7: O: O18 (pour)
 POUR(5:5,3:2) POUR(5:4,3:3)
 3:3 5:4
The problem has been solved.
Interrupt received.
This Agent halted.

An agent halted during the run.

